app/build/intermediates/manifest_merge_blame_file/debug/manifest-merger-blame-debug-report.txt
1<?xml version="1.0" encoding="utf-8"?>
2<manifest xmlns:android="http://schemas.android.com/apk/res/android"
3    package="de.thkoeln.cvogt.android.helloworld"
4    android:versionCode="1"
5    android:versionName="1.0" >
6
7    <uses-sdk
8        android:minSdkVersion="21"
8-->src\main\AndroidManifest.xml
9        android:targetSdkVersion="29" />
9-->src\main\AndroidManifest.xml
10
11    <application
11-->src\main\AndroidManifest.xml:7:5-18:19
12        android:debuggable="true"
13        android:icon="@drawable/icon_thk_android"
13-->src\main\AndroidManifest.xml:8:9-50
14        android:label="@string/app_name"
14-->src\main\AndroidManifest.xml:9:9-41
15        android:testOnly="true"
16        android:theme="@style/AppTheme" >
16-->src\main\AndroidManifest.xml:10:9-40
17        <activity android:name="de.thkoeln.cvogt.android.helloworld.MainActivity" >
17-->src\main\AndroidManifest.xml:11:9-17:20
17-->src\main\AndroidManifest.xml:11:19-82
18            <intent-filter>
18-->src\main\AndroidManifest.xml:12:13-16:29
19                <action android:name="android.intent.action.MAIN" />
19-->src\main\AndroidManifest.xml:13:17-69
19-->src\main\AndroidManifest.xml:13:25-66
20
21                <category android:name="android.intent.category.LAUNCHER" />
21-->src\main\AndroidManifest.xml:15:17-77
21-->src\main\AndroidManifest.xml:15:27-74
22            </intent-filter>
23        </activity>
24    </application>
25
26</manifest>